<?xml version="1.0" encoding="UTF-8"?>
<!-- Generated by org.testng.reporters.JUnitXMLReporter -->
<testsuite ignored="0" hostname="LAPTOP-BDUVLNVT" failures="0" tests="2" name="Test" time="85.116" errors="0" timestamp="2024-01-11T15:38:24 IST">
  <testcase classname="coverFoxTest.CF_TC551_Validate_Error_Msg_For_Pincode" name="checkErrorMsgIsDisplayed" time="2.737"/>
  <testcase classname="coverFoxTest.CF_TC555_Validate_search_results_for_healthcare_policies" name="validateTestPlansFromTextAndBanners" time="17.007"/>
</testsuite> <!-- Test -->
